[2023-05-26 00:32:48,144] multiqc                                            [DEBUG  ]  This is MultiQC v1.13
[2023-05-26 00:32:48,145] multiqc                                            [DEBUG  ]  Command used: /shared/ifbstor1/software/miniconda/envs/multiqc-1.13/bin/multiqc --force --title akarlsson sample sub-set ../data/merged_pairs/ ./fastqc/ ./akarlsson_flash2.log ./bowtie/
[2023-05-26 00:32:48,454] multiqc                                            [WARNING]  MultiQC Version v1.14 now available!
[2023-05-26 00:32:48,454] multiqc                                            [DEBUG  ]  Working dir : /shared/ifbstor1/projects/2314_medbioinfo/alice/MedBioinfo/analyses
[2023-05-26 00:32:48,454] multiqc                                            [DEBUG  ]  Template    : default
[2023-05-26 00:32:48,454] multiqc                                            [DEBUG  ]  Running Python 3.10.6 | packaged by conda-forge | (main, Aug 22 2022, 20:36:39) [GCC 10.4.0]
[2023-05-26 00:32:48,455] multiqc                                            [INFO   ]  Report title: akarlsson sample sub-set
[2023-05-26 00:32:48,455] multiqc                                            [DEBUG  ]  Analysing modules: custom_content, ccs, ngsderive, purple, conpair, lima, peddy, somalier, methylQA, mosdepth, phantompeakqualtools, qualimap, preseq, quast, qorts, rna_seqc, rockhopper, rsem, rseqc, busco, bustools, goleft_indexcov, gffcompare, disambiguate, supernova, deeptools, sargasso, verifybamid, mirtrace, happy, mirtop, sambamba, homer, hops, macs2, theta2, snpeff, gatk, htseq, bcftools, featureCounts, fgbio, dragen, dedup, pbmarkdup, damageprofiler, biobambam2, jcvi, mtnucratio, picard, vep, sentieon, prokka, qc3C, nanostat, samblaster, samtools, sexdeterrmine, eigenstratdatabasetools, bamtools, jellyfish, vcftools, longranger, stacks, varscan2, snippy, bbmap, bismark, biscuit, hicexplorer, hicup, hicpro, salmon, kallisto, slamdunk, star, hisat2, tophat, bowtie2, bowtie1, snpsplit, odgi, pangolin, kat, leehom, adapterRemoval, clipandmerge, cutadapt, flexbar, kaiju, kraken, malt, trimmomatic, sickle, skewer, sortmerna, biobloomtools, fastq_screen, afterqc, fastp, fastqc, pychopper, pycoqc, minionqc, multivcfanalyzer, clusterflow, checkqc, bcl2fastq, bclconvert, interop, ivar, flash, seqyclean, optitype, whatshap
[2023-05-26 00:32:48,456] multiqc                                            [DEBUG  ]  Using temporary directory for creating report: /tmp/tmpa74_3ckg
[2023-05-26 00:32:48,779] multiqc                                            [INFO   ]  Search path : /shared/ifbstor1/projects/2314_medbioinfo/alice/MedBioinfo/data/merged_pairs
[2023-05-26 00:32:48,780] multiqc                                            [INFO   ]  Search path : /shared/ifbstor1/projects/2314_medbioinfo/alice/MedBioinfo/analyses/fastqc
[2023-05-26 00:32:48,780] multiqc                                            [INFO   ]  Search path : /shared/ifbstor1/projects/2314_medbioinfo/alice/MedBioinfo/analyses/akarlsson_flash2.log
[2023-05-26 00:32:48,780] multiqc                                            [INFO   ]  Search path : /shared/ifbstor1/projects/2314_medbioinfo/alice/MedBioinfo/analyses/bowtie
[2023-05-26 00:32:55,119] multiqc                                            [DEBUG  ]  Summary of files that were skipped by the search: [skipped_module_specific_max_filesize: 275] // [skipped_no_match: 62] // [skipped_ignore_pattern: 32]
[2023-05-26 00:32:55,966] multiqc.plots.bargraph                             [DEBUG  ]  Using matplotlib version 3.6.1
[2023-05-26 00:32:55,967] multiqc.plots.linegraph                            [DEBUG  ]  Using matplotlib version 3.6.1
[2023-05-26 00:32:55,970] multiqc                                            [DEBUG  ]  No samples found: custom_content
[2023-05-26 00:32:55,985] multiqc.modules.bowtie2.bowtie2                    [INFO   ]  Found 2 reports
[2023-05-26 00:32:56,648] multiqc.modules.fastqc.fastqc                      [INFO   ]  Found 20 reports
[2023-05-26 00:32:56,963] multiqc.modules.flash.flash                        [INFO   ]  Found 10 log reports
[2023-05-26 00:32:56,980] multiqc.modules.flash.flash                        [INFO   ]  Found 10 histogram reports
[2023-05-26 00:32:57,063] multiqc                                            [INFO   ]  Compressing plot data
[2023-05-26 00:32:57,921] multiqc                                            [INFO   ]  Report      : akarlsson-sample-sub-set_multiqc_report.html
[2023-05-26 00:32:57,921] multiqc                                            [INFO   ]  Data        : akarlsson-sample-sub-set_multiqc_report_data
[2023-05-26 00:32:57,922] multiqc                                            [DEBUG  ]  Moving data file from '/tmp/tmpa74_3ckg/multiqc_data' to '/shared/ifbstor1/projects/2314_medbioinfo/alice/MedBioinfo/analyses/akarlsson-sample-sub-set_multiqc_report_data'
[2023-05-26 00:32:58,207] multiqc                                            [INFO   ]  MultiQC complete
